g008
Loading model...
binary_mask
Processing '/mmfs1/data/ezhil/BC/crops/low_res/0000.png'...
Processing '/mmfs1/data/ezhil/BC/crops/low_res/0001.png'...
Processing '/mmfs1/data/ezhil/BC/crops/low_res/0002.png'...
Processing '/mmfs1/data/ezhil/BC/crops/low_res/0003.png'...
Processing '/mmfs1/data/ezhil/BC/crops/low_res/0004.png'...
Processing '/mmfs1/data/ezhil/BC/crops/low_res/0005.png'...
Processing '/mmfs1/data/ezhil/BC/crops/low_res/0006.png'...
Processing '/mmfs1/data/ezhil/BC/crops/low_res/0007.png'...
Processing '/mmfs1/data/ezhil/BC/crops/low_res/0008.png'...
Processing '/mmfs1/data/ezhil/BC/crops/low_res/0009.png'...
Processing '/mmfs1/data/ezhil/BC/crops/low_res/0010.png'...
Processing '/mmfs1/data/ezhil/BC/crops/low_res/0011.png'...
Processing '/mmfs1/data/ezhil/BC/crops/low_res/0012.png'...
Processing '/mmfs1/data/ezhil/BC/crops/low_res/0013.png'...
Processing '/mmfs1/data/ezhil/BC/crops/low_res/0014.png'...
Processing '/mmfs1/data/ezhil/BC/crops/low_res/0015.png'...
Processing '/mmfs1/data/ezhil/BC/crops/low_res/0016.png'...
Processing '/mmfs1/data/ezhil/BC/crops/low_res/0017.png'...
Processing '/mmfs1/data/ezhil/BC/crops/low_res/0018.png'...
Processing '/mmfs1/data/ezhil/BC/crops/low_res/0019.png'...
Processing '/mmfs1/data/ezhil/BC/crops/low_res/0020.png'...
Processing '/mmfs1/data/ezhil/BC/crops/low_res/0021.png'...
Processing '/mmfs1/data/ezhil/BC/crops/low_res/0022.png'...
Processing '/mmfs1/data/ezhil/BC/crops/low_res/0023.png'...
Processing '/mmfs1/data/ezhil/BC/crops/low_res/0024.png'...
Processing '/mmfs1/data/ezhil/BC/crops/low_res/0025.png'...
Processing '/mmfs1/data/ezhil/BC/crops/low_res/0026.png'...
Processing '/mmfs1/data/ezhil/BC/crops/low_res/0027.png'...
Processing '/mmfs1/data/ezhil/BC/crops/low_res/0028.png'...
Processing '/mmfs1/data/ezhil/BC/crops/low_res/0029.png'...
Processing '/mmfs1/data/ezhil/BC/crops/low_res/0030.png'...
Processing '/mmfs1/data/ezhil/BC/crops/low_res/0031.png'...
Processing '/mmfs1/data/ezhil/BC/crops/low_res/0032.png'...
Processing '/mmfs1/data/ezhil/BC/crops/low_res/0033.png'...
Processing '/mmfs1/data/ezhil/BC/crops/low_res/0034.png'...
Processing '/mmfs1/data/ezhil/BC/crops/low_res/0035.png'...
Processing '/mmfs1/data/ezhil/BC/crops/low_res/0036.png'...
Processing '/mmfs1/data/ezhil/BC/crops/low_res/0037.png'...
Processing '/mmfs1/data/ezhil/BC/crops/low_res/0038.png'...
Processing '/mmfs1/data/ezhil/BC/crops/low_res/0039.png'...
Processing '/mmfs1/data/ezhil/BC/crops/low_res/0040.png'...
Processing '/mmfs1/data/ezhil/BC/crops/low_res/0041.png'...
Processing '/mmfs1/data/ezhil/BC/crops/low_res/0042.png'...
Processing '/mmfs1/data/ezhil/BC/crops/low_res/0043.png'...
Processing '/mmfs1/data/ezhil/BC/crops/low_res/0044.png'...
Processing '/mmfs1/data/ezhil/BC/crops/low_res/0045.png'...
Processing '/mmfs1/data/ezhil/BC/crops/low_res/0046.png'...
Processing '/mmfs1/data/ezhil/BC/crops/low_res/0047.png'...
Processing '/mmfs1/data/ezhil/BC/crops/low_res/0048.png'...
Processing '/mmfs1/data/ezhil/BC/crops/low_res/0049.png'...
Processing '/mmfs1/data/ezhil/BC/crops/low_res/0050.png'...
Processing '/mmfs1/data/ezhil/BC/crops/low_res/0051.png'...
Processing '/mmfs1/data/ezhil/BC/crops/low_res/0052.png'...
Processing '/mmfs1/data/ezhil/BC/crops/low_res/0053.png'...
Processing '/mmfs1/data/ezhil/BC/crops/low_res/0054.png'...
Processing '/mmfs1/data/ezhil/BC/crops/low_res/0055.png'...
Processing '/mmfs1/data/ezhil/BC/crops/low_res/0056.png'...
Processing '/mmfs1/data/ezhil/BC/crops/low_res/0057.png'...
Processing '/mmfs1/data/ezhil/BC/crops/low_res/0058.png'...
Processing '/mmfs1/data/ezhil/BC/crops/low_res/0059.png'...
Processing '/mmfs1/data/ezhil/BC/crops/low_res/0060.png'...
Processing '/mmfs1/data/ezhil/BC/crops/low_res/0061.png'...
Processing '/mmfs1/data/ezhil/BC/crops/low_res/0062.png'...
Processing '/mmfs1/data/ezhil/BC/crops/low_res/0063.png'...
Processing '/mmfs1/data/ezhil/BC/crops/low_res/0064.png'...
Processing '/mmfs1/data/ezhil/BC/crops/low_res/0065.png'...
Processing '/mmfs1/data/ezhil/BC/crops/low_res/0066.png'...
Processing '/mmfs1/data/ezhil/BC/crops/low_res/0067.png'...
Processing '/mmfs1/data/ezhil/BC/crops/low_res/0068.png'...
Processing '/mmfs1/data/ezhil/BC/crops/low_res/0069.png'...
Processing '/mmfs1/data/ezhil/BC/crops/low_res/0070.png'...
Processing '/mmfs1/data/ezhil/BC/crops/low_res/0071.png'...
Processing '/mmfs1/data/ezhil/BC/crops/low_res/0072.png'...
Processing '/mmfs1/data/ezhil/BC/crops/low_res/0073.png'...
Processing '/mmfs1/data/ezhil/BC/crops/low_res/0074.png'...
Processing '/mmfs1/data/ezhil/BC/crops/low_res/0075.png'...
Processing '/mmfs1/data/ezhil/BC/crops/low_res/0076.png'...
Processing '/mmfs1/data/ezhil/BC/crops/low_res/0077.png'...
Processing '/mmfs1/data/ezhil/BC/crops/low_res/0078.png'...
Processing '/mmfs1/data/ezhil/BC/crops/low_res/0079.png'...
Processing '/mmfs1/data/ezhil/BC/crops/low_res/0080.png'...
Processing '/mmfs1/data/ezhil/BC/crops/low_res/0081.png'...
Processing '/mmfs1/data/ezhil/BC/crops/low_res/0082.png'...
Processing '/mmfs1/data/ezhil/BC/crops/low_res/0083.png'...
Processing '/mmfs1/data/ezhil/BC/crops/low_res/0084.png'...
Processing '/mmfs1/data/ezhil/BC/crops/low_res/0085.png'...
Processing '/mmfs1/data/ezhil/BC/crops/low_res/0086.png'...
Processing '/mmfs1/data/ezhil/BC/crops/low_res/0087.png'...
Processing '/mmfs1/data/ezhil/BC/crops/low_res/0088.png'...
Processing '/mmfs1/data/ezhil/BC/crops/low_res/0089.png'...
Processing '/mmfs1/data/ezhil/BC/crops/low_res/0090.png'...
Processing '/mmfs1/data/ezhil/BC/crops/low_res/0091.png'...
Processing '/mmfs1/data/ezhil/BC/crops/low_res/0092.png'...
Processing '/mmfs1/data/ezhil/BC/crops/low_res/0093.png'...
Processing '/mmfs1/data/ezhil/BC/crops/low_res/0094.png'...
Processing '/mmfs1/data/ezhil/BC/crops/low_res/0095.png'...
Processing '/mmfs1/data/ezhil/BC/crops/low_res/0096.png'...
Processing '/mmfs1/data/ezhil/BC/crops/low_res/0097.png'...
Processing '/mmfs1/data/ezhil/BC/crops/low_res/0098.png'...
Processing '/mmfs1/data/ezhil/BC/crops/low_res/0099.png'...
Processing '/mmfs1/data/ezhil/BC/crops/low_res/0100.png'...
Processing '/mmfs1/data/ezhil/BC/crops/low_res/0101.png'...
Processing '/mmfs1/data/ezhil/BC/crops/low_res/0102.png'...
Processing '/mmfs1/data/ezhil/BC/crops/low_res/0103.png'...
Processing '/mmfs1/data/ezhil/BC/crops/low_res/0104.png'...
Processing '/mmfs1/data/ezhil/BC/crops/low_res/0105.png'...
Processing '/mmfs1/data/ezhil/BC/crops/low_res/0106.png'...
Processing '/mmfs1/data/ezhil/BC/crops/low_res/0107.png'...
Processing '/mmfs1/data/ezhil/BC/crops/low_res/0108.png'...
Processing '/mmfs1/data/ezhil/BC/crops/low_res/0109.png'...
Processing '/mmfs1/data/ezhil/BC/crops/low_res/0110.png'...
Processing '/mmfs1/data/ezhil/BC/crops/low_res/0111.png'...
Processing '/mmfs1/data/ezhil/BC/crops/low_res/0112.png'...
Processing '/mmfs1/data/ezhil/BC/crops/low_res/0113.png'...
Processing '/mmfs1/data/ezhil/BC/crops/low_res/0114.png'...
Processing '/mmfs1/data/ezhil/BC/crops/low_res/0115.png'...
Processing '/mmfs1/data/ezhil/BC/crops/low_res/0116.png'...
Processing '/mmfs1/data/ezhil/BC/crops/low_res/0117.png'...
Processing '/mmfs1/data/ezhil/BC/crops/low_res/0118.png'...
Processing '/mmfs1/data/ezhil/BC/crops/low_res/0119.png'...
Processing '/mmfs1/data/ezhil/BC/crops/low_res/0120.png'...
Processing '/mmfs1/data/ezhil/BC/crops/low_res/0121.png'...
Processing '/mmfs1/data/ezhil/BC/crops/low_res/0122.png'...
Processing '/mmfs1/data/ezhil/BC/crops/low_res/0123.png'...
Processing '/mmfs1/data/ezhil/BC/crops/low_res/0124.png'...
Processing '/mmfs1/data/ezhil/BC/crops/low_res/0125.png'...
Processing '/mmfs1/data/ezhil/BC/crops/low_res/0126.png'...
Processing '/mmfs1/data/ezhil/BC/crops/low_res/0127.png'...
Processing '/mmfs1/data/ezhil/BC/crops/low_res/0128.png'...
Processing '/mmfs1/data/ezhil/BC/crops/low_res/0129.png'...
Processing '/mmfs1/data/ezhil/BC/crops/low_res/0130.png'...
Processing '/mmfs1/data/ezhil/BC/crops/low_res/0131.png'...
Processing '/mmfs1/data/ezhil/BC/crops/low_res/0132.png'...
Processing '/mmfs1/data/ezhil/BC/crops/low_res/0133.png'...
Processing '/mmfs1/data/ezhil/BC/crops/low_res/0134.png'...
Processing '/mmfs1/data/ezhil/BC/crops/low_res/0135.png'...
Processing '/mmfs1/data/ezhil/BC/crops/low_res/0136.png'...
Processing '/mmfs1/data/ezhil/BC/crops/low_res/0137.png'...
Processing '/mmfs1/data/ezhil/BC/crops/low_res/0138.png'...
Processing '/mmfs1/data/ezhil/BC/crops/low_res/0139.png'...
Processing '/mmfs1/data/ezhil/BC/crops/low_res/0140.png'...
Processing '/mmfs1/data/ezhil/BC/crops/low_res/0141.png'...
Processing '/mmfs1/data/ezhil/BC/crops/low_res/0142.png'...
Processing '/mmfs1/data/ezhil/BC/crops/low_res/0143.png'...
Processing '/mmfs1/data/ezhil/BC/crops/low_res/0144.png'...
Processing '/mmfs1/data/ezhil/BC/crops/low_res/0145.png'...
Processing '/mmfs1/data/ezhil/BC/crops/low_res/0146.png'...
Processing '/mmfs1/data/ezhil/BC/crops/low_res/0147.png'...
Processing '/mmfs1/data/ezhil/BC/crops/low_res/0148.png'...
Processing '/mmfs1/data/ezhil/BC/crops/low_res/0149.png'...
Processing '/mmfs1/data/ezhil/BC/crops/low_res/0150.png'...
Processing '/mmfs1/data/ezhil/BC/crops/low_res/0151.png'...
Processing '/mmfs1/data/ezhil/BC/crops/low_res/0152.png'...
Processing '/mmfs1/data/ezhil/BC/crops/low_res/0153.png'...
Processing '/mmfs1/data/ezhil/BC/crops/low_res/0154.png'...
Processing '/mmfs1/data/ezhil/BC/crops/low_res/0155.png'...
Processing '/mmfs1/data/ezhil/BC/crops/low_res/0156.png'...
Processing '/mmfs1/data/ezhil/BC/crops/low_res/0157.png'...
Processing '/mmfs1/data/ezhil/BC/crops/low_res/0158.png'...
Processing '/mmfs1/data/ezhil/BC/crops/low_res/0159.png'...
Processing '/mmfs1/data/ezhil/BC/crops/low_res/0160.png'...
Processing '/mmfs1/data/ezhil/BC/crops/low_res/0161.png'...
Processing '/mmfs1/data/ezhil/BC/crops/low_res/0162.png'...
Processing '/mmfs1/data/ezhil/BC/crops/low_res/0163.png'...
Processing '/mmfs1/data/ezhil/BC/crops/low_res/0164.png'...
Processing '/mmfs1/data/ezhil/BC/crops/low_res/0165.png'...
Processing '/mmfs1/data/ezhil/BC/crops/low_res/0166.png'...
Processing '/mmfs1/data/ezhil/BC/crops/low_res/0167.png'...
Processing '/mmfs1/data/ezhil/BC/crops/low_res/0168.png'...
Processing '/mmfs1/data/ezhil/BC/crops/low_res/0169.png'...
Processing '/mmfs1/data/ezhil/BC/crops/low_res/0170.png'...
Processing '/mmfs1/data/ezhil/BC/crops/low_res/0171.png'...
Processing '/mmfs1/data/ezhil/BC/crops/low_res/0172.png'...
Processing '/mmfs1/data/ezhil/BC/crops/low_res/0173.png'...
Processing '/mmfs1/data/ezhil/BC/crops/low_res/0174.png'...
Processing '/mmfs1/data/ezhil/BC/crops/low_res/0175.png'...
Processing '/mmfs1/data/ezhil/BC/crops/low_res/0176.png'...
Processing '/mmfs1/data/ezhil/BC/crops/low_res/0177.png'...
Processing '/mmfs1/data/ezhil/BC/crops/low_res/0178.png'...
Processing '/mmfs1/data/ezhil/BC/crops/low_res/0179.png'...
Processing '/mmfs1/data/ezhil/BC/crops/low_res/0180.png'...
Processing '/mmfs1/data/ezhil/BC/crops/low_res/0181.png'...
Processing '/mmfs1/data/ezhil/BC/crops/low_res/0182.png'...
Processing '/mmfs1/data/ezhil/BC/crops/low_res/0183.png'...
Processing '/mmfs1/data/ezhil/BC/crops/low_res/0184.png'...
Processing '/mmfs1/data/ezhil/BC/crops/low_res/0185.png'...
Processing '/mmfs1/data/ezhil/BC/crops/low_res/0186.png'...
Processing '/mmfs1/data/ezhil/BC/crops/low_res/0187.png'...
Processing '/mmfs1/data/ezhil/BC/crops/low_res/0188.png'...
Processing '/mmfs1/data/ezhil/BC/crops/low_res/0189.png'...
Processing '/mmfs1/data/ezhil/BC/crops/low_res/0190.png'...
Processing '/mmfs1/data/ezhil/BC/crops/low_res/0191.png'...
Processing '/mmfs1/data/ezhil/BC/crops/low_res/0192.png'...
Processing '/mmfs1/data/ezhil/BC/crops/low_res/0193.png'...
Processing '/mmfs1/data/ezhil/BC/crops/low_res/0194.png'...
Processing '/mmfs1/data/ezhil/BC/crops/low_res/0195.png'...
Processing '/mmfs1/data/ezhil/BC/crops/low_res/0196.png'...
Processing '/mmfs1/data/ezhil/BC/crops/low_res/0197.png'...
Processing '/mmfs1/data/ezhil/BC/crops/low_res/0198.png'...
Processing '/mmfs1/data/ezhil/BC/crops/low_res/0199.png'...
Processing '/mmfs1/data/ezhil/BC/crops/low_res/0200.png'...
Processing '/mmfs1/data/ezhil/BC/crops/low_res/0201.png'...
Processing '/mmfs1/data/ezhil/BC/crops/low_res/0202.png'...
Processing '/mmfs1/data/ezhil/BC/crops/low_res/0203.png'...
Processing '/mmfs1/data/ezhil/BC/crops/low_res/0204.png'...
Processing '/mmfs1/data/ezhil/BC/crops/low_res/0205.png'...
Processing '/mmfs1/data/ezhil/BC/crops/low_res/0206.png'...
Processing '/mmfs1/data/ezhil/BC/crops/low_res/0207.png'...
Processing '/mmfs1/data/ezhil/BC/crops/low_res/0208.png'...
Processing '/mmfs1/data/ezhil/BC/crops/low_res/0209.png'...
Processing '/mmfs1/data/ezhil/BC/crops/low_res/0210.png'...
Processing '/mmfs1/data/ezhil/BC/crops/low_res/0211.png'...
Processing '/mmfs1/data/ezhil/BC/crops/low_res/0212.png'...
Processing '/mmfs1/data/ezhil/BC/crops/low_res/0213.png'...
Processing '/mmfs1/data/ezhil/BC/crops/low_res/0214.png'...
Processing '/mmfs1/data/ezhil/BC/crops/low_res/0215.png'...
Processing '/mmfs1/data/ezhil/BC/crops/low_res/0216.png'...
Processing '/mmfs1/data/ezhil/BC/crops/low_res/0217.png'...
Processing '/mmfs1/data/ezhil/BC/crops/low_res/0218.png'...
Processing '/mmfs1/data/ezhil/BC/crops/low_res/0219.png'...
Processing '/mmfs1/data/ezhil/BC/crops/low_res/0220.png'...
Processing '/mmfs1/data/ezhil/BC/crops/low_res/0221.png'...
Processing '/mmfs1/data/ezhil/BC/crops/low_res/0222.png'...
Processing '/mmfs1/data/ezhil/BC/crops/low_res/0223.png'...
Processing '/mmfs1/data/ezhil/BC/crops/low_res/0224.png'...
Processing '/mmfs1/data/ezhil/BC/crops/low_res/0225.png'...
Processing '/mmfs1/data/ezhil/BC/crops/low_res/0226.png'...
Processing '/mmfs1/data/ezhil/BC/crops/low_res/0227.png'...
Processing '/mmfs1/data/ezhil/BC/crops/low_res/0228.png'...
Processing '/mmfs1/data/ezhil/BC/crops/low_res/0229.png'...
Processing '/mmfs1/data/ezhil/BC/crops/low_res/0230.png'...
Processing '/mmfs1/data/ezhil/BC/crops/low_res/0231.png'...
Processing '/mmfs1/data/ezhil/BC/crops/low_res/0232.png'...
Processing '/mmfs1/data/ezhil/BC/crops/low_res/0233.png'...
Processing '/mmfs1/data/ezhil/BC/crops/low_res/0234.png'...
Processing '/mmfs1/data/ezhil/BC/crops/low_res/0235.png'...
Processing '/mmfs1/data/ezhil/BC/crops/low_res/0236.png'...
Processing '/mmfs1/data/ezhil/BC/crops/low_res/0237.png'...
Processing '/mmfs1/data/ezhil/BC/crops/low_res/0238.png'...
Processing '/mmfs1/data/ezhil/BC/crops/low_res/0239.png'...
Processing '/mmfs1/data/ezhil/BC/crops/low_res/0240.png'...
Processing '/mmfs1/data/ezhil/BC/crops/low_res/0241.png'...
Processing '/mmfs1/data/ezhil/BC/crops/low_res/0242.png'...
Processing '/mmfs1/data/ezhil/BC/crops/low_res/0243.png'...
Processing '/mmfs1/data/ezhil/BC/crops/low_res/0244.png'...
Processing '/mmfs1/data/ezhil/BC/crops/low_res/0245.png'...
Processing '/mmfs1/data/ezhil/BC/crops/low_res/0246.png'...
Processing '/mmfs1/data/ezhil/BC/crops/low_res/0247.png'...
Processing '/mmfs1/data/ezhil/BC/crops/low_res/0248.png'...
Processing '/mmfs1/data/ezhil/BC/crops/low_res/0249.png'...
Processing '/mmfs1/data/ezhil/BC/crops/low_res/0250.png'...
Processing '/mmfs1/data/ezhil/BC/crops/low_res/0251.png'...
Processing '/mmfs1/data/ezhil/BC/crops/low_res/0252.png'...
Processing '/mmfs1/data/ezhil/BC/crops/low_res/0253.png'...
Processing '/mmfs1/data/ezhil/BC/crops/low_res/0254.png'...
Processing '/mmfs1/data/ezhil/BC/crops/low_res/0255.png'...
Processing '/mmfs1/data/ezhil/BC/crops/low_res/0256.png'...
Processing '/mmfs1/data/ezhil/BC/crops/low_res/0257.png'...
Processing '/mmfs1/data/ezhil/BC/crops/low_res/0258.png'...
Processing '/mmfs1/data/ezhil/BC/crops/low_res/0259.png'...
Processing '/mmfs1/data/ezhil/BC/crops/low_res/0260.png'...
Processing '/mmfs1/data/ezhil/BC/crops/low_res/0261.png'...
Processing '/mmfs1/data/ezhil/BC/crops/low_res/0262.png'...
Processing '/mmfs1/data/ezhil/BC/crops/low_res/0263.png'...
Processing '/mmfs1/data/ezhil/BC/crops/low_res/0264.png'...
Processing '/mmfs1/data/ezhil/BC/crops/low_res/0265.png'...
Processing '/mmfs1/data/ezhil/BC/crops/low_res/0266.png'...
Processing '/mmfs1/data/ezhil/BC/crops/low_res/0267.png'...
Processing '/mmfs1/data/ezhil/BC/crops/low_res/0268.png'...
Processing '/mmfs1/data/ezhil/BC/crops/low_res/0269.png'...
Processing '/mmfs1/data/ezhil/BC/crops/low_res/0270.png'...
Processing '/mmfs1/data/ezhil/BC/crops/low_res/0271.png'...
Processing '/mmfs1/data/ezhil/BC/crops/low_res/0272.png'...
Processing '/mmfs1/data/ezhil/BC/crops/low_res/0273.png'...
Processing '/mmfs1/data/ezhil/BC/crops/low_res/0274.png'...
Processing '/mmfs1/data/ezhil/BC/crops/low_res/0275.png'...
Processing '/mmfs1/data/ezhil/BC/crops/low_res/0276.png'...
Processing '/mmfs1/data/ezhil/BC/crops/low_res/0277.png'...
Processing '/mmfs1/data/ezhil/BC/crops/low_res/0278.png'...
Processing '/mmfs1/data/ezhil/BC/crops/low_res/0279.png'...
Processing '/mmfs1/data/ezhil/BC/crops/low_res/0280.png'...
Processing '/mmfs1/data/ezhil/BC/crops/low_res/0281.png'...
Processing '/mmfs1/data/ezhil/BC/crops/low_res/0282.png'...
Processing '/mmfs1/data/ezhil/BC/crops/low_res/0283.png'...
Processing '/mmfs1/data/ezhil/BC/crops/low_res/0284.png'...
Processing '/mmfs1/data/ezhil/BC/crops/low_res/0285.png'...
Processing '/mmfs1/data/ezhil/BC/crops/low_res/0286.png'...
Processing '/mmfs1/data/ezhil/BC/crops/low_res/0287.png'...
Processing '/mmfs1/data/ezhil/BC/crops/low_res/0288.png'...
Processing '/mmfs1/data/ezhil/BC/crops/low_res/0289.png'...
Processing '/mmfs1/data/ezhil/BC/crops/low_res/0290.png'...
Processing '/mmfs1/data/ezhil/BC/crops/low_res/0291.png'...
Processing '/mmfs1/data/ezhil/BC/crops/low_res/0292.png'...
Processing '/mmfs1/data/ezhil/BC/crops/low_res/0293.png'...
Processing '/mmfs1/data/ezhil/BC/crops/low_res/0294.png'...
Processing '/mmfs1/data/ezhil/BC/crops/low_res/0295.png'...
Processing '/mmfs1/data/ezhil/BC/crops/low_res/0296.png'...
Processing '/mmfs1/data/ezhil/BC/crops/low_res/0297.png'...
Processing '/mmfs1/data/ezhil/BC/crops/low_res/0298.png'...
Processing '/mmfs1/data/ezhil/BC/crops/low_res/0299.png'...
Processing '/mmfs1/data/ezhil/BC/crops/low_res/0300.png'...
Processing '/mmfs1/data/ezhil/BC/crops/low_res/0301.png'...
Processing '/mmfs1/data/ezhil/BC/crops/low_res/0302.png'...
Processing '/mmfs1/data/ezhil/BC/crops/low_res/0303.png'...
Processing '/mmfs1/data/ezhil/BC/crops/low_res/0304.png'...
Processing '/mmfs1/data/ezhil/BC/crops/low_res/0305.png'...
Processing '/mmfs1/data/ezhil/BC/crops/low_res/0306.png'...
Processing '/mmfs1/data/ezhil/BC/crops/low_res/0307.png'...
Processing '/mmfs1/data/ezhil/BC/crops/low_res/0308.png'...
Processing '/mmfs1/data/ezhil/BC/crops/low_res/0309.png'...
Processing '/mmfs1/data/ezhil/BC/crops/low_res/0310.png'...
Processing '/mmfs1/data/ezhil/BC/crops/low_res/0311.png'...
Processing '/mmfs1/data/ezhil/BC/crops/low_res/0312.png'...
Processing '/mmfs1/data/ezhil/BC/crops/low_res/0313.png'...
Processing '/mmfs1/data/ezhil/BC/crops/low_res/0314.png'...
Processing '/mmfs1/data/ezhil/BC/crops/low_res/0315.png'...
Processing '/mmfs1/data/ezhil/BC/crops/low_res/0316.png'...
Processing '/mmfs1/data/ezhil/BC/crops/low_res/0317.png'...
Processing '/mmfs1/data/ezhil/BC/crops/low_res/0318.png'...
Processing '/mmfs1/data/ezhil/BC/crops/low_res/0319.png'...
Processing '/mmfs1/data/ezhil/BC/crops/low_res/0320.png'...
Processing '/mmfs1/data/ezhil/BC/crops/low_res/0321.png'...
Processing '/mmfs1/data/ezhil/BC/crops/low_res/0322.png'...
Processing '/mmfs1/data/ezhil/BC/crops/low_res/0323.png'...
Processing '/mmfs1/data/ezhil/BC/crops/low_res/0324.png'...
Processing '/mmfs1/data/ezhil/BC/crops/low_res/0325.png'...
Processing '/mmfs1/data/ezhil/BC/crops/low_res/0326.png'...
Processing '/mmfs1/data/ezhil/BC/crops/low_res/0327.png'...
Processing '/mmfs1/data/ezhil/BC/crops/low_res/0328.png'...
Processing '/mmfs1/data/ezhil/BC/crops/low_res/0329.png'...
Processing '/mmfs1/data/ezhil/BC/crops/low_res/0330.png'...
Processing '/mmfs1/data/ezhil/BC/crops/low_res/0331.png'...
Processing '/mmfs1/data/ezhil/BC/crops/low_res/0332.png'...
Processing '/mmfs1/data/ezhil/BC/crops/low_res/0333.png'...
Processing '/mmfs1/data/ezhil/BC/crops/low_res/0334.png'...
Processing '/mmfs1/data/ezhil/BC/crops/low_res/0335.png'...
Processing '/mmfs1/data/ezhil/BC/crops/low_res/0336.png'...
Processing '/mmfs1/data/ezhil/BC/crops/low_res/0337.png'...
Processing '/mmfs1/data/ezhil/BC/crops/low_res/0338.png'...
Processing '/mmfs1/data/ezhil/BC/crops/low_res/0339.png'...
Processing '/mmfs1/data/ezhil/BC/crops/low_res/0340.png'...
Processing '/mmfs1/data/ezhil/BC/crops/low_res/0341.png'...
Processing '/mmfs1/data/ezhil/BC/crops/low_res/0342.png'...
Processing '/mmfs1/data/ezhil/BC/crops/low_res/0343.png'...
Processing '/mmfs1/data/ezhil/BC/crops/low_res/0344.png'...
Processing '/mmfs1/data/ezhil/BC/crops/low_res/0345.png'...
Processing '/mmfs1/data/ezhil/BC/crops/low_res/0346.png'...
Processing '/mmfs1/data/ezhil/BC/crops/low_res/0347.png'...
Processing '/mmfs1/data/ezhil/BC/crops/low_res/0348.png'...
Processing '/mmfs1/data/ezhil/BC/crops/low_res/0349.png'...
Processing '/mmfs1/data/ezhil/BC/crops/low_res/0350.png'...
Processing '/mmfs1/data/ezhil/BC/crops/low_res/0351.png'...
Processing '/mmfs1/data/ezhil/BC/crops/low_res/0352.png'...
Processing '/mmfs1/data/ezhil/BC/crops/low_res/0353.png'...
Processing '/mmfs1/data/ezhil/BC/crops/low_res/0354.png'...
Processing '/mmfs1/data/ezhil/BC/crops/low_res/0355.png'...
Processing '/mmfs1/data/ezhil/BC/crops/low_res/0356.png'...
Processing '/mmfs1/data/ezhil/BC/crops/low_res/0357.png'...
Processing '/mmfs1/data/ezhil/BC/crops/low_res/0358.png'...
Processing '/mmfs1/data/ezhil/BC/crops/low_res/0359.png'...
Processing '/mmfs1/data/ezhil/BC/crops/low_res/0360.png'...
Processing '/mmfs1/data/ezhil/BC/crops/low_res/0361.png'...
Processing '/mmfs1/data/ezhil/BC/crops/low_res/0362.png'...
Processing '/mmfs1/data/ezhil/BC/crops/low_res/0363.png'...
Processing '/mmfs1/data/ezhil/BC/crops/low_res/0364.png'...
Processing '/mmfs1/data/ezhil/BC/crops/low_res/0365.png'...
Processing '/mmfs1/data/ezhil/BC/crops/low_res/0366.png'...
Processing '/mmfs1/data/ezhil/BC/crops/low_res/0367.png'...
Processing '/mmfs1/data/ezhil/BC/crops/low_res/0368.png'...
Processing '/mmfs1/data/ezhil/BC/crops/low_res/0369.png'...
Processing '/mmfs1/data/ezhil/BC/crops/low_res/0370.png'...
Processing '/mmfs1/data/ezhil/BC/crops/low_res/0371.png'...
Processing '/mmfs1/data/ezhil/BC/crops/low_res/0372.png'...
Processing '/mmfs1/data/ezhil/BC/crops/low_res/0373.png'...
Processing '/mmfs1/data/ezhil/BC/crops/low_res/0374.png'...
Processing '/mmfs1/data/ezhil/BC/crops/low_res/0375.png'...
Processing '/mmfs1/data/ezhil/BC/crops/low_res/0376.png'...
Processing '/mmfs1/data/ezhil/BC/crops/low_res/0377.png'...
Processing '/mmfs1/data/ezhil/BC/crops/low_res/0378.png'...
Processing '/mmfs1/data/ezhil/BC/crops/low_res/0379.png'...
Processing '/mmfs1/data/ezhil/BC/crops/low_res/0380.png'...
Processing '/mmfs1/data/ezhil/BC/crops/low_res/0381.png'...
Processing '/mmfs1/data/ezhil/BC/crops/low_res/0382.png'...
Processing '/mmfs1/data/ezhil/BC/crops/low_res/0383.png'...
Processing '/mmfs1/data/ezhil/BC/crops/low_res/0384.png'...
Processing '/mmfs1/data/ezhil/BC/crops/low_res/0385.png'...
Processing '/mmfs1/data/ezhil/BC/crops/low_res/0386.png'...
Processing '/mmfs1/data/ezhil/BC/crops/low_res/0387.png'...
Processing '/mmfs1/data/ezhil/BC/crops/low_res/0388.png'...
Processing '/mmfs1/data/ezhil/BC/crops/low_res/0389.png'...
Processing '/mmfs1/data/ezhil/BC/crops/low_res/0390.png'...
Processing '/mmfs1/data/ezhil/BC/crops/low_res/0391.png'...
Processing '/mmfs1/data/ezhil/BC/crops/low_res/0392.png'...
Processing '/mmfs1/data/ezhil/BC/crops/low_res/0393.png'...
Processing '/mmfs1/data/ezhil/BC/crops/low_res/0394.png'...
Processing '/mmfs1/data/ezhil/BC/crops/low_res/0395.png'...
Processing '/mmfs1/data/ezhil/BC/crops/low_res/0396.png'...
Processing '/mmfs1/data/ezhil/BC/crops/low_res/0397.png'...
Processing '/mmfs1/data/ezhil/BC/crops/low_res/0398.png'...
Processing '/mmfs1/data/ezhil/BC/crops/low_res/0399.png'...
Done!
